FlashPro
Version: 9.0.0.15
Release: v9.0

Software Version: 9.0.0.15
Driver : 3.0.0 build 1
programmer '68350' : FlashPro4
Created new project 'C:\Actelprj\3116004982_zsy\designer\impl1\compare_8_fp\compare_8.pro'
PDB file 'C:\Actelprj\3116004982_zsy\designer\impl1\compare_8.pdb' has been loaded successfully.
DESIGN : compare_8;  CHECKSUM : D022;  PDB_VERSION : 1.6
programmer '68350' : Scan Chain...
programmer '68350' : Scan Chain PASSED.
programmer '68350' : Executing action PROGRAM
programmer '68350' : EXPORT FSN[48] = 01183444389c
programmer '68350' : Erase ...
programmer '68350' : Completed erase
programmer '68350' : Programming FPGA Array
programmer '68350' : Verifying FPGA Array
programmer '68350' :         Verifying FPGA Array -- pass
programmer '68350' : Finished: Wed Dec 28 01:45:55 2016 (Elapsed time 00:00:25)
programmer '68350' : Executing action PROGRAM PASSED.

                        o - o - o - o - o - o

Warning: Project 'compare_8' has been modified. Do you want to save it? [YES]
