Note: redirecting TCL stdout to log file stdout.log
Note: redirecting TCL stderr to log file stderr.log
line 3873, col 57: Option set not found: vcs_actel_smart_fusion_lib.


Starting:    C:\Actel\Libero_v9.0\Synopsys\synplify_D200912A\bin\mbin\synplify.exe
Install:     C:\Actel\Libero_v9.0\Synopsys\synplify_D200912A
Date:        Wed Dec 28 03:34:00 2016
Version:     D-2009.12A


Arguments:   -product synplify_pro zsy_cp1_syn.prj
ProductType: synplify_pro

License checkout: synplifypro_actel
License: synplifypro_actel node-locked 




Running synthesis on zsy_cp1_syn:synthesis

log file: "C:\Actelprj\3116004982_zsy\synthesis\zsy_cp1_1.srr"



Running flow compile_flow ...


Running HDL Compiler...
Start Time:03:34:02


Compiler Completed
Return Code: 0
Completion Time:03:34:02

Launching mapper in pro mode


Running property_annotator...
Start Time:03:34:02


property_annotator Completed
Return Code: 0
Completion Time:03:34:03

Analysis Property Generator Complete


Running flow synthesis ...

Launching mapper in pro mode


Running ProASIC3 Mapper...
Start Time:03:34:03


ProASIC3 Mapper Completed with warnings
Return Code: 1
Completion Time:03:34:05

exit status=0


License checkin: synplifypro_actel

