Actel Designer Software
Version: 9.0.0.15
Release: v9.0

Created a new design.
'BA_NAME' set to 'zsy_cp1_ba'
'IDE_DESIGNERVIEW_NAME' set to 'Impl1'
'IDE_DESIGNERVIEW_COUNT' set to '1'
'IDE_DESIGNERVIEW_REV0' set to 'Impl1'
'IDE_DESIGNERVIEW_REVNUM0' set to '1'
'IDE_DESIGNERVIEW_ROOTDIR' set to 'C:\Actelprj\3116004982_zsy\designer'
'IDE_DESIGNERVIEW_LASTREV' set to '1'
'DESDIR' set to 'C:/Actelprj/3116004982_zsy/designer/impl1'
'BA_DIR' set to 'C:/Actelprj/3116004982_zsy/designer/impl1'
'BA_NETLIST_ALSO' set to '1'
'EDNINFLAVOR' set to 'GENERIC'
'NETLIST_NAMING_STYLE' set to 'VERILOG'
'EXPORT_STATUS_REPORT' set to '1'
'EXPORT_STATUS_REPORT_FILENAME' set to 'zsy_cp1.rpt'
'AUDIT_NETLIST_FILE' set to '1'
'AUDIT_DCF_FILE' set to '1'
'AUDIT_PIN_FILE' set to '1'
'AUDIT_ADL_FILE' set to '1'

 Netlist Reading Time = 0.0 seconds
Imported the files:
   C:\Actelprj\3116004982_zsy\synthesis\zsy_cp1_1.edn
   C:\Actelprj\3116004982_zsy\synthesis\zsy_cp1_1_sdc.sdc

The Import command succeeded ( 00:00:03 )
Warning: Overwriting the existing file: ../../synthesis/zsy_cp1_1.v.
Wrote to the file: ..\..\synthesis\zsy_cp1_1.v

The Export command succeeded ( 00:00:02 )

The Execute Script command succeeded ( 00:00:09 )
Warning: The database was closed without a save, modifications are lost
Design closed.

